<?xml version="1.0" encoding="UTF-8"?>
<testsuite xmlns:xsi="http://www.w3.org/2001/XMLSchema-instance" xsi:noNamespaceSchemaLocation="https://maven.apache.org/surefire/maven-surefire-plugin/xsd/surefire-test-report.xsd" name="com.meli.mutant.handler.StatsTest" time="0.036" tests="5" errors="0" skipped="0" failures="0">
  <properties>
    <property name="sun.desktop" value="windows"/>
    <property name="awt.toolkit" value="sun.awt.windows.WToolkit"/>
    <property name="file.encoding.pkg" value="sun.io"/>
    <property name="java.specification.version" value="1.8"/>
    <property name="sun.cpu.isalist" value="amd64"/>
    <property name="sun.jnu.encoding" value="Cp1252"/>
    <property name="java.class.path" value="D:\workspace\meli-mutant-challenge\mutant-challenge\target\test-classes;D:\workspace\meli-mutant-challenge\mutant-challenge\target\classes;C:\Users\ssilva\.m2\repository\org\junit\jupiter\junit-jupiter-engine\5.4.0\junit-jupiter-engine-5.4.0.jar;C:\Users\ssilva\.m2\repository\org\apiguardian\apiguardian-api\1.0.0\apiguardian-api-1.0.0.jar;C:\Users\ssilva\.m2\repository\org\junit\platform\junit-platform-engine\1.4.0\junit-platform-engine-1.4.0.jar;C:\Users\ssilva\.m2\repository\org\opentest4j\opentest4j\1.1.1\opentest4j-1.1.1.jar;C:\Users\ssilva\.m2\repository\org\junit\platform\junit-platform-commons\1.4.0\junit-platform-commons-1.4.0.jar;C:\Users\ssilva\.m2\repository\org\junit\jupiter\junit-jupiter-api\5.4.0\junit-jupiter-api-5.4.0.jar;C:\Users\ssilva\.m2\repository\com\fasterxml\jackson\core\jackson-core\2.12.3\jackson-core-2.12.3.jar;C:\Users\ssilva\.m2\repository\com\amazonaws\aws-lambda-java-core\1.2.1\aws-lambda-java-core-1.2.1.jar;C:\Users\ssilva\.m2\repository\software\amazon\awssdk\apache-client\2.16.102\apache-client-2.16.102.jar;C:\Users\ssilva\.m2\repository\software\amazon\awssdk\http-client-spi\2.16.102\http-client-spi-2.16.102.jar;C:\Users\ssilva\.m2\repository\org\reactivestreams\reactive-streams\1.0.3\reactive-streams-1.0.3.jar;C:\Users\ssilva\.m2\repository\software\amazon\awssdk\metrics-spi\2.16.102\metrics-spi-2.16.102.jar;C:\Users\ssilva\.m2\repository\software\amazon\awssdk\utils\2.16.102\utils-2.16.102.jar;C:\Users\ssilva\.m2\repository\org\slf4j\slf4j-api\1.7.30\slf4j-api-1.7.30.jar;C:\Users\ssilva\.m2\repository\software\amazon\awssdk\annotations\2.16.102\annotations-2.16.102.jar;C:\Users\ssilva\.m2\repository\org\apache\httpcomponents\httpclient\4.5.13\httpclient-4.5.13.jar;C:\Users\ssilva\.m2\repository\commons-logging\commons-logging\1.2\commons-logging-1.2.jar;C:\Users\ssilva\.m2\repository\commons-codec\commons-codec\1.11\commons-codec-1.11.jar;C:\Users\ssilva\.m2\repository\org\apache\httpcomponents\httpcore\4.4.11\httpcore-4.4.11.jar;C:\Users\ssilva\.m2\repository\software\amazon\awssdk\dynamodb\2.15.40\dynamodb-2.15.40.jar;C:\Users\ssilva\.m2\repository\software\amazon\awssdk\aws-json-protocol\2.15.40\aws-json-protocol-2.15.40.jar;C:\Users\ssilva\.m2\repository\software\amazon\awssdk\protocol-core\2.15.40\protocol-core-2.15.40.jar;C:\Users\ssilva\.m2\repository\software\amazon\awssdk\profiles\2.15.40\profiles-2.15.40.jar;C:\Users\ssilva\.m2\repository\software\amazon\awssdk\sdk-core\2.15.40\sdk-core-2.15.40.jar;C:\Users\ssilva\.m2\repository\com\fasterxml\jackson\core\jackson-databind\2.10.4\jackson-databind-2.10.4.jar;C:\Users\ssilva\.m2\repository\software\amazon\awssdk\auth\2.15.40\auth-2.15.40.jar;C:\Users\ssilva\.m2\repository\software\amazon\eventstream\eventstream\1.0.1\eventstream-1.0.1.jar;C:\Users\ssilva\.m2\repository\software\amazon\awssdk\regions\2.15.40\regions-2.15.40.jar;C:\Users\ssilva\.m2\repository\com\fasterxml\jackson\core\jackson-annotations\2.10.4\jackson-annotations-2.10.4.jar;C:\Users\ssilva\.m2\repository\software\amazon\awssdk\aws-core\2.15.40\aws-core-2.15.40.jar;C:\Users\ssilva\.m2\repository\software\amazon\awssdk\netty-nio-client\2.15.40\netty-nio-client-2.15.40.jar;C:\Users\ssilva\.m2\repository\io\netty\netty-codec-http\4.1.53.Final\netty-codec-http-4.1.53.Final.jar;C:\Users\ssilva\.m2\repository\io\netty\netty-codec-http2\4.1.53.Final\netty-codec-http2-4.1.53.Final.jar;C:\Users\ssilva\.m2\repository\io\netty\netty-codec\4.1.53.Final\netty-codec-4.1.53.Final.jar;C:\Users\ssilva\.m2\repository\io\netty\netty-transport\4.1.53.Final\netty-transport-4.1.53.Final.jar;C:\Users\ssilva\.m2\repository\io\netty\netty-resolver\4.1.53.Final\netty-resolver-4.1.53.Final.jar;C:\Users\ssilva\.m2\repository\io\netty\netty-common\4.1.53.Final\netty-common-4.1.53.Final.jar;C:\Users\ssilva\.m2\repository\io\netty\netty-buffer\4.1.53.Final\netty-buffer-4.1.53.Final.jar;C:\Users\ssilva\.m2\repository\io\netty\netty-handler\4.1.53.Final\netty-handler-4.1.53.Final.jar;C:\Users\ssilva\.m2\repository\io\netty\netty-transport-native-epoll\4.1.53.Final\netty-transport-native-epoll-4.1.53.Final-linux-x86_64.jar;C:\Users\ssilva\.m2\repository\io\netty\netty-transport-native-unix-common\4.1.53.Final\netty-transport-native-unix-common-4.1.53.Final.jar;C:\Users\ssilva\.m2\repository\com\typesafe\netty\netty-reactive-streams-http\2.0.4\netty-reactive-streams-http-2.0.4.jar;C:\Users\ssilva\.m2\repository\com\typesafe\netty\netty-reactive-streams\2.0.4\netty-reactive-streams-2.0.4.jar;C:\Users\ssilva\.m2\repository\com\google\dagger\dagger\2.35.1\dagger-2.35.1.jar;C:\Users\ssilva\.m2\repository\javax\inject\javax.inject\1\javax.inject-1.jar;C:\Users\ssilva\.m2\repository\org\mockito\mockito-core\3.5.9\mockito-core-3.5.9.jar;C:\Users\ssilva\.m2\repository\net\bytebuddy\byte-buddy\1.10.13\byte-buddy-1.10.13.jar;C:\Users\ssilva\.m2\repository\net\bytebuddy\byte-buddy-agent\1.10.13\byte-buddy-agent-1.10.13.jar;C:\Users\ssilva\.m2\repository\org\objenesis\objenesis\3.1\objenesis-3.1.jar;C:\Users\ssilva\.m2\repository\org\mockito\mockito-junit-jupiter\2.23.0\mockito-junit-jupiter-2.23.0.jar;"/>
    <property name="java.vm.vendor" value="Oracle Corporation"/>
    <property name="sun.arch.data.model" value="64"/>
    <property name="user.variant" value=""/>
    <property name="java.vendor.url" value="http://java.oracle.com/"/>
    <property name="user.timezone" value="America/Bogota"/>
    <property name="java.vm.specification.version" value="1.8"/>
    <property name="os.name" value="Windows 10"/>
    <property name="user.country" value="CO"/>
    <property name="sun.java.launcher" value="SUN_STANDARD"/>
    <property name="sun.boot.library.path" value="C:\Program Files\Java\jdk1.8.0_291\jre\bin"/>
    <property name="sun.java.command" value="C:\Users\ssilva\AppData\Local\Temp\surefire9197369797419938323\surefirebooter2264654783408855256.jar C:\Users\ssilva\AppData\Local\Temp\surefire9197369797419938323 2021-07-23T00-25-45_843-jvmRun1 surefire5472162858533610250tmp surefire_04297276195492694828tmp"/>
    <property name="surefire.test.class.path" value="D:\workspace\meli-mutant-challenge\mutant-challenge\target\test-classes;D:\workspace\meli-mutant-challenge\mutant-challenge\target\classes;C:\Users\ssilva\.m2\repository\org\junit\jupiter\junit-jupiter-engine\5.4.0\junit-jupiter-engine-5.4.0.jar;C:\Users\ssilva\.m2\repository\org\apiguardian\apiguardian-api\1.0.0\apiguardian-api-1.0.0.jar;C:\Users\ssilva\.m2\repository\org\junit\platform\junit-platform-engine\1.4.0\junit-platform-engine-1.4.0.jar;C:\Users\ssilva\.m2\repository\org\opentest4j\opentest4j\1.1.1\opentest4j-1.1.1.jar;C:\Users\ssilva\.m2\repository\org\junit\platform\junit-platform-commons\1.4.0\junit-platform-commons-1.4.0.jar;C:\Users\ssilva\.m2\repository\org\junit\jupiter\junit-jupiter-api\5.4.0\junit-jupiter-api-5.4.0.jar;C:\Users\ssilva\.m2\repository\com\fasterxml\jackson\core\jackson-core\2.12.3\jackson-core-2.12.3.jar;C:\Users\ssilva\.m2\repository\com\amazonaws\aws-lambda-java-core\1.2.1\aws-lambda-java-core-1.2.1.jar;C:\Users\ssilva\.m2\repository\software\amazon\awssdk\apache-client\2.16.102\apache-client-2.16.102.jar;C:\Users\ssilva\.m2\repository\software\amazon\awssdk\http-client-spi\2.16.102\http-client-spi-2.16.102.jar;C:\Users\ssilva\.m2\repository\org\reactivestreams\reactive-streams\1.0.3\reactive-streams-1.0.3.jar;C:\Users\ssilva\.m2\repository\software\amazon\awssdk\metrics-spi\2.16.102\metrics-spi-2.16.102.jar;C:\Users\ssilva\.m2\repository\software\amazon\awssdk\utils\2.16.102\utils-2.16.102.jar;C:\Users\ssilva\.m2\repository\org\slf4j\slf4j-api\1.7.30\slf4j-api-1.7.30.jar;C:\Users\ssilva\.m2\repository\software\amazon\awssdk\annotations\2.16.102\annotations-2.16.102.jar;C:\Users\ssilva\.m2\repository\org\apache\httpcomponents\httpclient\4.5.13\httpclient-4.5.13.jar;C:\Users\ssilva\.m2\repository\commons-logging\commons-logging\1.2\commons-logging-1.2.jar;C:\Users\ssilva\.m2\repository\commons-codec\commons-codec\1.11\commons-codec-1.11.jar;C:\Users\ssilva\.m2\repository\org\apache\httpcomponents\httpcore\4.4.11\httpcore-4.4.11.jar;C:\Users\ssilva\.m2\repository\software\amazon\awssdk\dynamodb\2.15.40\dynamodb-2.15.40.jar;C:\Users\ssilva\.m2\repository\software\amazon\awssdk\aws-json-protocol\2.15.40\aws-json-protocol-2.15.40.jar;C:\Users\ssilva\.m2\repository\software\amazon\awssdk\protocol-core\2.15.40\protocol-core-2.15.40.jar;C:\Users\ssilva\.m2\repository\software\amazon\awssdk\profiles\2.15.40\profiles-2.15.40.jar;C:\Users\ssilva\.m2\repository\software\amazon\awssdk\sdk-core\2.15.40\sdk-core-2.15.40.jar;C:\Users\ssilva\.m2\repository\com\fasterxml\jackson\core\jackson-databind\2.10.4\jackson-databind-2.10.4.jar;C:\Users\ssilva\.m2\repository\software\amazon\awssdk\auth\2.15.40\auth-2.15.40.jar;C:\Users\ssilva\.m2\repository\software\amazon\eventstream\eventstream\1.0.1\eventstream-1.0.1.jar;C:\Users\ssilva\.m2\repository\software\amazon\awssdk\regions\2.15.40\regions-2.15.40.jar;C:\Users\ssilva\.m2\repository\com\fasterxml\jackson\core\jackson-annotations\2.10.4\jackson-annotations-2.10.4.jar;C:\Users\ssilva\.m2\repository\software\amazon\awssdk\aws-core\2.15.40\aws-core-2.15.40.jar;C:\Users\ssilva\.m2\repository\software\amazon\awssdk\netty-nio-client\2.15.40\netty-nio-client-2.15.40.jar;C:\Users\ssilva\.m2\repository\io\netty\netty-codec-http\4.1.53.Final\netty-codec-http-4.1.53.Final.jar;C:\Users\ssilva\.m2\repository\io\netty\netty-codec-http2\4.1.53.Final\netty-codec-http2-4.1.53.Final.jar;C:\Users\ssilva\.m2\repository\io\netty\netty-codec\4.1.53.Final\netty-codec-4.1.53.Final.jar;C:\Users\ssilva\.m2\repository\io\netty\netty-transport\4.1.53.Final\netty-transport-4.1.53.Final.jar;C:\Users\ssilva\.m2\repository\io\netty\netty-resolver\4.1.53.Final\netty-resolver-4.1.53.Final.jar;C:\Users\ssilva\.m2\repository\io\netty\netty-common\4.1.53.Final\netty-common-4.1.53.Final.jar;C:\Users\ssilva\.m2\repository\io\netty\netty-buffer\4.1.53.Final\netty-buffer-4.1.53.Final.jar;C:\Users\ssilva\.m2\repository\io\netty\netty-handler\4.1.53.Final\netty-handler-4.1.53.Final.jar;C:\Users\ssilva\.m2\repository\io\netty\netty-transport-native-epoll\4.1.53.Final\netty-transport-native-epoll-4.1.53.Final-linux-x86_64.jar;C:\Users\ssilva\.m2\repository\io\netty\netty-transport-native-unix-common\4.1.53.Final\netty-transport-native-unix-common-4.1.53.Final.jar;C:\Users\ssilva\.m2\repository\com\typesafe\netty\netty-reactive-streams-http\2.0.4\netty-reactive-streams-http-2.0.4.jar;C:\Users\ssilva\.m2\repository\com\typesafe\netty\netty-reactive-streams\2.0.4\netty-reactive-streams-2.0.4.jar;C:\Users\ssilva\.m2\repository\com\google\dagger\dagger\2.35.1\dagger-2.35.1.jar;C:\Users\ssilva\.m2\repository\javax\inject\javax.inject\1\javax.inject-1.jar;C:\Users\ssilva\.m2\repository\org\mockito\mockito-core\3.5.9\mockito-core-3.5.9.jar;C:\Users\ssilva\.m2\repository\net\bytebuddy\byte-buddy\1.10.13\byte-buddy-1.10.13.jar;C:\Users\ssilva\.m2\repository\net\bytebuddy\byte-buddy-agent\1.10.13\byte-buddy-agent-1.10.13.jar;C:\Users\ssilva\.m2\repository\org\objenesis\objenesis\3.1\objenesis-3.1.jar;C:\Users\ssilva\.m2\repository\org\mockito\mockito-junit-jupiter\2.23.0\mockito-junit-jupiter-2.23.0.jar;"/>
    <property name="sun.cpu.endian" value="little"/>
    <property name="user.home" value="C:\Users\ssilva"/>
    <property name="user.language" value="es"/>
    <property name="java.specification.vendor" value="Oracle Corporation"/>
    <property name="java.home" value="C:\Program Files\Java\jdk1.8.0_291\jre"/>
    <property name="basedir" value="D:\workspace\meli-mutant-challenge\mutant-challenge"/>
    <property name="file.separator" value="\"/>
    <property name="line.separator" value="&#10;"/>
    <property name="java.vm.specification.vendor" value="Oracle Corporation"/>
    <property name="java.specification.name" value="Java Platform API Specification"/>
    <property name="java.awt.graphicsenv" value="sun.awt.Win32GraphicsEnvironment"/>
    <property name="surefire.real.class.path" value="C:\Users\ssilva\AppData\Local\Temp\surefire9197369797419938323\surefirebooter2264654783408855256.jar;C:\\Users\\ssilva\\.m2\\repository\\org\\jacoco\\org.jacoco.agent\\0.8.2\\org.jacoco.agent-0.8.2-runtime.jar"/>
    <property name="sun.boot.class.path" value="C:\Program Files\Java\jdk1.8.0_291\jre\lib\resources.jar;C:\Program Files\Java\jdk1.8.0_291\jre\lib\rt.jar;C:\Program Files\Java\jdk1.8.0_291\jre\lib\sunrsasign.jar;C:\Program Files\Java\jdk1.8.0_291\jre\lib\jsse.jar;C:\Program Files\Java\jdk1.8.0_291\jre\lib\jce.jar;C:\Program Files\Java\jdk1.8.0_291\jre\lib\charsets.jar;C:\Program Files\Java\jdk1.8.0_291\jre\lib\jfr.jar;C:\Program Files\Java\jdk1.8.0_291\jre\classes"/>
    <property name="user.script" value=""/>
    <property name="sun.management.compiler" value="HotSpot 64-Bit Tiered Compilers"/>
    <property name="java.runtime.version" value="1.8.0_291-b10"/>
    <property name="user.name" value="ssilva"/>
    <property name="path.separator" value=";"/>
    <property name="os.version" value="10.0"/>
    <property name="java.endorsed.dirs" value="C:\Program Files\Java\jdk1.8.0_291\jre\lib\endorsed"/>
    <property name="java.runtime.name" value="Java(TM) SE Runtime Environment"/>
    <property name="file.encoding" value="Cp1252"/>
    <property name="java.vm.name" value="Java HotSpot(TM) 64-Bit Server VM"/>
    <property name="localRepository" value="C:\Users\ssilva\.m2\repository"/>
    <property name="java.vendor.url.bug" value="http://bugreport.sun.com/bugreport/"/>
    <property name="java.io.tmpdir" value="C:\Users\ssilva\AppData\Local\Temp\"/>
    <property name="java.version" value="1.8.0_291"/>
    <property name="user.dir" value="D:\workspace\meli-mutant-challenge\mutant-challenge"/>
    <property name="os.arch" value="amd64"/>
    <property name="java.vm.specification.name" value="Java Virtual Machine Specification"/>
    <property name="java.awt.printerjob" value="sun.awt.windows.WPrinterJob"/>
    <property name="sun.os.patch.level" value=""/>
    <property name="java.library.path" value="C:\Program Files\Java\jdk1.8.0_291\jre\bin;C:\Windows\Sun\Java\bin;C:\Windows\system32;C:\Windows;C:\Program Files\Git\mingw64\bin;C:\Program Files\Git\usr\bin;C:\Users\ssilva\bin;C:\Program Files\Microsoft MPI\Bin;C:\Windows\system32;C:\Windows;C:\Windows\System32\Wbem;C:\Windows\System32\WindowsPowerShell\v1.0;C:\Windows\System32\OpenSSH;C:\Program Files (x86)\Intel\Intel(R) Management Engine Components\DAL;C:\Program Files\Intel\Intel(R) Management Engine Components\DAL;C:\Program Files\Intel\WiFi\bin;C:\Program Files\Common Files\Intel\WirelessCommon;C:\Program Files\Java\jdk1.8.0_291\bin;C:\Program Files\Git\cmd;C:\Program Files (x86)\Microsoft SQL Server\140\Tools\Binn;C:\Program Files\Microsoft SQL Server\140\Tools\Binn;C:\Program Files (x86)\Microsoft SQL Server\140\DTS\Binn;C:\Program Files\Microsoft SQL Server\140\DTS\Binn;C:\Program Files\Microsoft SQL Server\Client SDK\ODBC\130\Tools\Binn;C:\Program Files (x86)\Microsoft SQL Server\150\DTS\Binn;C:\Program Files\apache-maven-3.6.3\bin;C:\Program Files\nodejs;C:\ProgramData\chocolatey\bin;C:\Program Files\Amazon\AWSCLIV2;C:\Program Files\Amazon\AWSSAMCLI\bin;C:\Program Files\Amazon\AWSCLIV2;C:\Program Files\Docker\Docker\resources\bin;C:\ProgramData\DockerDesktop\version-bin;C:\ProgramData\Oracle\Java\javapath;C:\Program Files\Common Files\Oracle\Java\javapath;C:\Users\ssilva\AppData\Local\Programs\Python\Python38\Scripts;C:\Users\ssilva\AppData\Local\Programs\Python\Python38;C:\Program Files\MySQL\MySQL Shell 8.0\bin;C:\Users\ssilva\AppData\Local\Microsoft\WindowsApps;C:\Users\ssilva\AppData\Local\Programs\Microsoft VS Code\bin;C:\Users\ssilva\AppData\Roaming\npm;C:\Program Files\JetBrains\IntelliJ IDEA Educational Edition 2020.2\bin;C:\sonarqube-7.9.5\bin;C:\Program Files\Java\jdk1.8.0_291\bin;."/>
    <property name="java.vm.info" value="mixed mode"/>
    <property name="java.vendor" value="Oracle Corporation"/>
    <property name="java.vm.version" value="25.291-b10"/>
    <property name="java.ext.dirs" value="C:\Program Files\Java\jdk1.8.0_291\jre\lib\ext;C:\Windows\Sun\Java\lib\ext"/>
    <property name="sun.io.unicode.encoding" value="UnicodeLittle"/>
    <property name="java.class.version" value="52.0"/>
  </properties>
  <testcase name="calculateRatioTest" classname="com.meli.mutant.handler.StatsTest" time="0"/>
  <testcase name="handlerRequest" classname="com.meli.mutant.handler.StatsTest" time="0"/>
  <testcase name="getStatsMutanDaoImplTest" classname="com.meli.mutant.handler.StatsTest" time="0.016"/>
  <testcase name="handlerRequestInvalidData" classname="com.meli.mutant.handler.StatsTest" time="0.002"/>
  <testcase name="handlerRequestStats" classname="com.meli.mutant.handler.StatsTest" time="0.015"/>
</testsuite>